#
# A fatal error has been detected by the Java Runtime Environment:
#
#  EXCEPTION_ACCESS_VIOLATION (0xc0000005) at pc=0x00007ffb97d38a4c, pid=1488, tid=10568
#
# JRE version: OpenJDK Runtime Environment (15.0.1+9) (build 15.0.1+9-18)
# Java VM: OpenJDK 64-Bit Server VM (15.0.1+9-18, mixed mode, tiered, compressed oops, g1 gc, windows-amd64)
# Problematic frame:
# C  [ucrtbase.dll+0x18a4c]
#
# No core dump will be written. Minidumps are not enabled by default on client versions of Windows
#
# If you would like to submit a bug report, please visit:
#   https://bugreport.java.com/bugreport/crash.jsp
#

---------------  S U M M A R Y ------------

Command Line: -Dfile.encoding=UTF-8 -XX:+ShowCodeDetailsInExceptionMessages GawiBawiBoGame

Host: Intel(R) Core(TM) i5-2500 CPU @ 3.30GHz, 4 cores, 7G,  Windows 10 , 64 bit Build 19041 (10.0.19041.1348)
Time: Mon Dec 19 18:44:43 2022 대한민국 표준시 elapsed time: 7.733536 seconds (0d 0h 0m 7s)

---------------  T H R E A D  ---------------

Current thread (0x00000255a99f26a0):  GCTaskThread "GC Thread#0" [stack: 0x00000064f2100000,0x00000064f2200000] [id=10568]

Stack: [0x00000064f2100000,0x00000064f2200000],  sp=0x00000064f21fe330,  free space=1016k
Native frames: (J=compiled Java code, j=interpreted, Vv=VM code, C=native code)
C  [ucrtbase.dll+0x18a4c]
C  [ucrtbase.dll+0x17ea9]
C  [ucrtbase.dll+0x1a3f4]
C  [ucrtbase.dll+0x1a587]
C  [ucrtbase.dll+0x1b216]
C  [ucrtbase.dll+0x1b347]
C  [ucrtbase.dll+0x1b3e4]
C  [awt.dll+0x729b0]


siginfo: EXCEPTION_ACCESS_VIOLATION (0xc0000005), writing address 0x0000000000000000


Register to memory mapping:

RIP=0x00007ffb97d38a4c ucrtbase.dll
RAX=0x00000255a781d76a points into unknown readable memory: 00 00 00 00 00 00
RBX=0x00007ffb97e0f540 ucrtbase.dll
RCX=0x0 is NULL
RDX=0x00000255a781d7a0 points into unknown readable memory: 0xffffffffffffffff | ff ff ff ff ff ff ff ff
RSP=0x00000064f21fe330 points into unknown readable memory: 0x00000255c49703a0 | a0 03 97 c4 55 02 00 00
RBP=0x00000064f21fe4f0 points into unknown readable memory: 0x0000000000000000 | 00 00 00 00 00 00 00 00
RSI=0x0 is NULL
RDI=0x0 is NULL
R8 =0x0000000000002282 is an unknown value
R9 =0x0000000000000002 is an unknown value
R10=0x00000255a781d7a0 points into unknown readable memory: 0xffffffffffffffff | ff ff ff ff ff ff ff ff
R11=0x00007ffb97e10980 ucrtbase.dll
R12=0x0000000000001000 is an unknown value
R13=0x00000064f21ff6a0 points into unknown readable memory: 0x00007ffb398bb7b8 | b8 b7 8b 39 fb 7f 00 00
R14=0x00007ffb97debc10 ucrtbase.dll
R15=0x00000255a99bf438 points into unknown readable memory: 0x00000255cbeb5c40 | 40 5c eb cb 55 02 00 00


Registers:
RAX=0x00000255a781d76a, RBX=0x00007ffb97e0f540, RCX=0x0000000000000000, RDX=0x00000255a781d7a0
RSP=0x00000064f21fe330, RBP=0x00000064f21fe4f0, RSI=0x0000000000000000, RDI=0x0000000000000000
R8 =0x0000000000002282, R9 =0x0000000000000002, R10=0x00000255a781d7a0, R11=0x00007ffb97e10980
R12=0x0000000000001000, R13=0x00000064f21ff6a0, R14=0x00007ffb97debc10, R15=0x00000255a99bf438
RIP=0x00007ffb97d38a4c, EFLAGS=0x0000000000010246

Top of Stack: (sp=0x00000064f21fe330)
0x00000064f21fe330:   00000255c49703a0 0000000000000005
0x00000064f21fe340:   00000255c49703a0 00007ffb39772364
0x00000064f21fe350:   000000000000006a 00007ffb97d37ea9
0x00000064f21fe360:   00000255c4990c6a 00007ffb97e0f540
0x00000064f21fe370:   00000064f21fe8d8 00000255ad3d0f90
0x00000064f21fe380:   00000000ffffffff 00007ffb97d3a3f4
0x00000064f21fe390:   00000064f21fe470 00000064f39fee90
0x00000064f21fe3a0:   00000064f39fee90 00000255ad3d0f90
0x00000064f21fe3b0:   00000255ad3d0e10 00007ffb97d3a587
0x00000064f21fe3c0:   00000064f39ff070 00000064f39fee90
0x00000064f21fe3d0:   0000000000000000 0000000000000000
0x00000064f21fe3e0:   0000000000000005 00007ffb97d3b216
0x00000064f21fe3f0:   00000064f21fe970 00000064f21fea00
0x00000064f21fe400:   00007ffb97e0f540 0000000000000000
0x00000064f21fe410:   00000064f21fe428 00000064f21fe420
0x00000064f21fe420:   00000064f21fea10 00000064f21fe450 

Instructions: (pc=0x00007ffb97d38a4c)
0x00007ffb97d3894c:   cc cc cc cc 48 63 d2 e9 78 ff ff ff cc cc cc cc
0x00007ffb97d3895c:   cc cc cc cc 48 89 5c 24 08 48 89 74 24 10 57 48
0x00007ffb97d3896c:   83 ec 20 41 8b d9 49 8b f8 48 8b f2 e8 63 d6 ff
0x00007ffb97d3897c:   ff 90 44 8b c3 48 8b d7 48 8b ce e8 64 81 00 00
0x00007ffb97d3898c:   8b d8 e8 dd d5 ff ff 8b c3 48 8b 5c 24 30 48 8b
0x00007ffb97d3899c:   74 24 38 48 83 c4 20 5f c3 cc cc cc cc cc cc cc
0x00007ffb97d389ac:   cc cc cc cc 45 8b c8 4c 8b c2 48 8b d1 e9 a2 ff
0x00007ffb97d389bc:   ff ff cc cc cc cc cc cc 48 89 5c 24 10 48 89 74
0x00007ffb97d389cc:   24 18 88 4c 24 08 57 48 83 ec 20 48 8b ca 48 8b
0x00007ffb97d389dc:   da e8 9e f8 ff ff 8b 4b 14 4c 63 c8 f6 c1 c0 0f
0x00007ffb97d389ec:   84 29 b5 03 00 8b 3b 33 f6 48 8b 53 08 2b 7b 08
0x00007ffb97d389fc:   48 8d 42 01 48 89 03 8b 43 20 ff c8 89 43 10 85
0x00007ffb97d38a0c:   ff 7f 52 41 8d 41 02 83 f8 01 76 58 49 8b c9 48
0x00007ffb97d38a1c:   8d 15 5e 7f 0d 00 49 8b c1 48 c1 f8 06 83 e1 3f
0x00007ffb97d38a2c:   48 8b 04 c2 48 8d 0c c9 48 8d 14 c8 f6 42 38 20
0x00007ffb97d38a3c:   0f 85 b4 b4 03 00 48 8b 4b 08 3b f7 8a 44 24 30
0x00007ffb97d38a4c:   88 01 0f 94 c0 48 8b 5c 24 38 48 8b 74 24 40 48
0x00007ffb97d38a5c:   83 c4 20 5f c3 44 8b c7 41 8b c9 e8 34 f1 ff ff
0x00007ffb97d38a6c:   8b f0 eb d2 48 8d 15 a9 71 0d 00 eb bf cc cc cc
0x00007ffb97d38a7c:   cc cc cc cc 48 89 5c 24 20 48 89 4c 24 08 57 48
0x00007ffb97d38a8c:   83 ec 30 48 89 64 24 20 48 8b d9 48 85 c9 0f 84
0x00007ffb97d38a9c:   96 b4 03 00 48 8d 79 30 48 8b cf ff 15 7b 0b 0a
0x00007ffb97d38aac:   00 90 48 89 5c 24 48 48 8d 4c 24 48 e8 db b7 05
0x00007ffb97d38abc:   00 0f ba e0 0c 72 6d 48 89 5c 24 50 48 8d 4c 24
0x00007ffb97d38acc:   50 e8 2a c9 05 00 8d 48 02 4c 63 c8 4c 8d 15 a1
0x00007ffb97d38adc:   7e 0d 00 83 f9 01 76 6e 4d 8b c1 49 c1 f8 06 49
0x00007ffb97d38aec:   8b c9 83 e1 3f 48 8d 14 c9 4b 8b 0c c2 4c 8d 04
0x00007ffb97d38afc:   d1 48 8d 0d 1c 71 0d 00 41 80 78 39 00 75 53 83
0x00007ffb97d38b0c:   c0 02 83 f8 01 76 17 49 8b c1 48 c1 f8 06 41 83
0x00007ffb97d38b1c:   e1 3f 4b 8d 0c c9 49 8b 04 c2 48 8d 0c c8 f6 41
0x00007ffb97d38b2c:   3d 01 75 2e 83 6b 10 01 78 10 48 8b 03 0f b6 10
0x00007ffb97d38b3c:   48 ff c0 48 89 03 8b da eb 3a 48 8b cb e8 f2 f5 


Stack slot to memory mapping:
stack at sp + 0 slots: 0x00000255c49703a0 is a thread
stack at sp + 1 slots: 0x0000000000000005 is an unknown value
stack at sp + 2 slots: 0x00000255c49703a0 is a thread
stack at sp + 3 slots: 0x00007ffb39772364 jvm.dll
stack at sp + 4 slots: 0x000000000000006a is an unknown value
stack at sp + 5 slots: 0x00007ffb97d37ea9 ucrtbase.dll
stack at sp + 6 slots: 0x00000255c4990c6a points into unknown readable memory: 09 00 0a 00 00 00
stack at sp + 7 slots: 0x00007ffb97e0f540 ucrtbase.dll


---------------  P R O C E S S  ---------------

Threads class SMR info:
_java_thread_list=0x00000255cbe93140, length=16, elements={
0x00000255a99afd20, 0x00000255c3cf4130, 0x00000255c3cf54a0, 0x00000255c3d2c430,
0x00000255c3d2cdf0, 0x00000255c3d2e040, 0x00000255c3d0c7c0, 0x00000255c3d0fb10,
0x00000255c34db5b0, 0x00000255c3eb9200, 0x00000255c3ecafc0, 0x00000255c4306cc0,
0x00000255c42d4fc0, 0x00000255c42d96d0, 0x00000255c4953490, 0x00000255c49703a0
}

Java Threads: ( => current thread )
  0x00000255a99afd20 JavaThread "main" [_thread_blocked, id=9488, stack(0x00000064f2000000,0x00000064f2100000)]
  0x00000255c3cf4130 JavaThread "Reference Handler" daemon [_thread_blocked, id=6460, stack(0x00000064f2700000,0x00000064f2800000)]
  0x00000255c3cf54a0 JavaThread "Finalizer" daemon [_thread_blocked, id=1280, stack(0x00000064f2800000,0x00000064f2900000)]
  0x00000255c3d2c430 JavaThread "Signal Dispatcher" daemon [_thread_blocked, id=10024, stack(0x00000064f2900000,0x00000064f2a00000)]
  0x00000255c3d2cdf0 JavaThread "Attach Listener" daemon [_thread_blocked, id=11096, stack(0x00000064f2a00000,0x00000064f2b00000)]
  0x00000255c3d2e040 JavaThread "Service Thread" daemon [_thread_blocked, id=8724, stack(0x00000064f2b00000,0x00000064f2c00000)]
  0x00000255c3d0c7c0 JavaThread "C2 CompilerThread0" daemon [_thread_blocked, id=5192, stack(0x00000064f2c00000,0x00000064f2d00000)]
  0x00000255c3d0fb10 JavaThread "C1 CompilerThread0" daemon [_thread_blocked, id=4092, stack(0x00000064f2d00000,0x00000064f2e00000)]
  0x00000255c34db5b0 JavaThread "Sweeper thread" daemon [_thread_blocked, id=10900, stack(0x00000064f2e00000,0x00000064f2f00000)]
  0x00000255c3eb9200 JavaThread "Notification Thread" daemon [_thread_blocked, id=9400, stack(0x00000064f2f00000,0x00000064f3000000)]
  0x00000255c3ecafc0 JavaThread "Common-Cleaner" daemon [_thread_blocked, id=11036, stack(0x00000064f3100000,0x00000064f3200000)]
  0x00000255c4306cc0 JavaThread "Java2D Disposer" daemon [_thread_blocked, id=10652, stack(0x00000064f3200000,0x00000064f3300000)]
  0x00000255c42d4fc0 JavaThread "AWT-Shutdown" [_thread_blocked, id=10904, stack(0x00000064f3300000,0x00000064f3400000)]
  0x00000255c42d96d0 JavaThread "AWT-Windows" daemon [_thread_blocked, id=3304, stack(0x00000064f3400000,0x00000064f3500000)]
  0x00000255c4953490 JavaThread "AWT-EventQueue-0" [_thread_blocked, id=11252, stack(0x00000064f3800000,0x00000064f3900000)]
  0x00000255c49703a0 JavaThread "D3D Screen Updater" daemon [_thread_blocked, id=8468, stack(0x00000064f3900000,0x00000064f3a00000)]

Other Threads:
  0x00000255c34a6c70 VMThread "VM Thread" [stack: 0x00000064f2600000,0x00000064f2700000] [id=8504]
  0x00000255c3440040 WatcherThread [stack: 0x00000064f3000000,0x00000064f3100000] [id=128]
=>0x00000255a99f26a0 GCTaskThread "GC Thread#0" [stack: 0x00000064f2100000,0x00000064f2200000] [id=10568]
  0x00000255a9a03630 ConcurrentGCThread "G1 Main Marker" [stack: 0x00000064f2200000,0x00000064f2300000] [id=10104]
  0x00000255a9a04780 ConcurrentGCThread "G1 Conc#0" [stack: 0x00000064f2300000,0x00000064f2400000] [id=9596]
  0x00000255a9a7b890 ConcurrentGCThread "G1 Refine#0" [stack: 0x00000064f2400000,0x00000064f2500000] [id=8836]
  0x00000255a9a7e260 ConcurrentGCThread "G1 Young RemSet Sampling" [stack: 0x00000064f2500000,0x00000064f2600000] [id=9424]

Threads with active compile tasks:
C1 CompilerThread0     7839  944       3       javax.swing.border.AbstractBorder::getBorderInsets (17 bytes)

VM state: at safepoint (normal execution)

VM Mutex/Monitor currently owned by a thread:  ([mutex/lock_event])
[0x00000255a99ab370] Threads_lock - owner thread: 0x00000255c34a6c70
[0x00000255a99acc30] Heap_lock - owner thread: 0x00000255c3d0fb10
[0x00000255a99ac3c0] MethodData_lock - owner thread: 0x00000255c3d0fb10

Heap address: 0x0000000080400000, size: 2044 MB, Compressed Oops mode: 32-bit
CDS disabled.
Compressed class space mapped at: 0x0000000100000000-0x0000000140000000, size: 1073741824
Narrow klass base: 0x0000000000000000, Narrow klass shift: 3, Narrow klass range: 0x140000000

GC Precious Log:
 CPUs: 4 total, 4 available
 Memory: 8174M
 Large Page Support: Disabled
 NUMA Support: Disabled
 Compressed Oops: Enabled (32-bit)
 Heap Region Size: 1M
 Heap Min Capacity: 8M
 Heap Initial Capacity: 128M
 Heap Max Capacity: 2044M
 Pre-touch: Disabled
 Parallel Workers: 4
 Concurrent Workers: 1
 Concurrent Refinement Workers: 4
 Periodic GC: Disabled

Heap:
 garbage-first heap   total 131072K, used 7702K [0x0000000080400000, 0x0000000100000000)
  region size 1024K, 9 young (9216K), 2 survivors (2048K)
 Metaspace       used 14706K, capacity 14788K, committed 14976K, reserved 1069056K
  class space    used 1501K, capacity 1539K, committed 1664K, reserved 1048576K

Heap Regions: E=young(eden), S=young(survivor), O=old, HS=humongous(starts), HC=humongous(continues), CS=collection set, F=free, OA=open archive, CA=closed archive, TAMS=top-at-mark-start (previous, next)
|   0|0x0000000080400000, 0x0000000080500000, 0x0000000080500000|100%|HS|  |TAMS 0x0000000080400000, 0x0000000080500000| Complete 
|   1|0x0000000080500000, 0x0000000080529050, 0x0000000080600000| 16%| O|  |TAMS 0x0000000080500000, 0x0000000080500000| Untracked 
|   2|0x0000000080600000, 0x0000000080600000, 0x0000000080700000|  0%| F|  |TAMS 0x0000000080600000, 0x0000000080600000| Untracked 
|   3|0x0000000080700000, 0x0000000080700000, 0x0000000080800000|  0%| F|  |TAMS 0x0000000080700000, 0x0000000080700000| Untracked 
|   4|0x0000000080800000, 0x0000000080800000, 0x0000000080900000|  0%| F|  |TAMS 0x0000000080800000, 0x0000000080800000| Untracked 
|   5|0x0000000080900000, 0x0000000080900000, 0x0000000080a00000|  0%| F|  |TAMS 0x0000000080900000, 0x0000000080900000| Untracked 
|   6|0x0000000080a00000, 0x0000000080a00000, 0x0000000080b00000|  0%| F|  |TAMS 0x0000000080a00000, 0x0000000080a00000| Untracked 
|   7|0x0000000080b00000, 0x0000000080b00000, 0x0000000080c00000|  0%| F|  |TAMS 0x0000000080b00000, 0x0000000080b00000| Untracked 
|   8|0x0000000080c00000, 0x0000000080c00000, 0x0000000080d00000|  0%| F|  |TAMS 0x0000000080c00000, 0x0000000080c00000| Untracked 
|   9|0x0000000080d00000, 0x0000000080d00000, 0x0000000080e00000|  0%| F|  |TAMS 0x0000000080d00000, 0x0000000080d00000| Untracked 
|  10|0x0000000080e00000, 0x0000000080e00000, 0x0000000080f00000|  0%| F|  |TAMS 0x0000000080e00000, 0x0000000080e00000| Untracked 
|  11|0x0000000080f00000, 0x0000000080f00000, 0x0000000081000000|  0%| F|  |TAMS 0x0000000080f00000, 0x0000000080f00000| Untracked 
|  12|0x0000000081000000, 0x0000000081000000, 0x0000000081100000|  0%| F|  |TAMS 0x0000000081000000, 0x0000000081000000| Untracked 
|  13|0x0000000081100000, 0x0000000081100000, 0x0000000081200000|  0%| F|  |TAMS 0x0000000081100000, 0x0000000081100000| Untracked 
|  14|0x0000000081200000, 0x0000000081200000, 0x0000000081300000|  0%| F|  |TAMS 0x0000000081200000, 0x0000000081200000| Untracked 
|  15|0x0000000081300000, 0x0000000081300000, 0x0000000081400000|  0%| F|  |TAMS 0x0000000081300000, 0x0000000081300000| Untracked 
|  16|0x0000000081400000, 0x0000000081400000, 0x0000000081500000|  0%| F|  |TAMS 0x0000000081400000, 0x0000000081400000| Untracked 
|  17|0x0000000081500000, 0x0000000081500000, 0x0000000081600000|  0%| F|  |TAMS 0x0000000081500000, 0x0000000081500000| Untracked 
|  18|0x0000000081600000, 0x0000000081600000, 0x0000000081700000|  0%| F|  |TAMS 0x0000000081600000, 0x0000000081600000| Untracked 
|  19|0x0000000081700000, 0x0000000081700000, 0x0000000081800000|  0%| F|  |TAMS 0x0000000081700000, 0x0000000081700000| Untracked 
|  20|0x0000000081800000, 0x0000000081800000, 0x0000000081900000|  0%| F|  |TAMS 0x0000000081800000, 0x0000000081800000| Untracked 
|  21|0x0000000081900000, 0x0000000081900000, 0x0000000081a00000|  0%| F|  |TAMS 0x0000000081900000, 0x0000000081900000| Untracked 
|  22|0x0000000081a00000, 0x0000000081a00000, 0x0000000081b00000|  0%| F|  |TAMS 0x0000000081a00000, 0x0000000081a00000| Untracked 
|  23|0x0000000081b00000, 0x0000000081b00000, 0x0000000081c00000|  0%| F|  |TAMS 0x0000000081b00000, 0x0000000081b00000| Untracked 
|  24|0x0000000081c00000, 0x0000000081c00000, 0x0000000081d00000|  0%| F|  |TAMS 0x0000000081c00000, 0x0000000081c00000| Untracked 
|  25|0x0000000081d00000, 0x0000000081d00000, 0x0000000081e00000|  0%| F|  |TAMS 0x0000000081d00000, 0x0000000081d00000| Untracked 
|  26|0x0000000081e00000, 0x0000000081e00000, 0x0000000081f00000|  0%| F|  |TAMS 0x0000000081e00000, 0x0000000081e00000| Untracked 
|  27|0x0000000081f00000, 0x0000000081f00000, 0x0000000082000000|  0%| F|  |TAMS 0x0000000081f00000, 0x0000000081f00000| Untracked 
|  28|0x0000000082000000, 0x0000000082000000, 0x0000000082100000|  0%| F|  |TAMS 0x0000000082000000, 0x0000000082000000| Untracked 
|  29|0x0000000082100000, 0x0000000082100000, 0x0000000082200000|  0%| F|  |TAMS 0x0000000082100000, 0x0000000082100000| Untracked 
|  30|0x0000000082200000, 0x0000000082200000, 0x0000000082300000|  0%| F|  |TAMS 0x0000000082200000, 0x0000000082200000| Untracked 
|  31|0x0000000082300000, 0x0000000082300000, 0x0000000082400000|  0%| F|  |TAMS 0x0000000082300000, 0x0000000082300000| Untracked 
|  32|0x0000000082400000, 0x0000000082400000, 0x0000000082500000|  0%| F|  |TAMS 0x0000000082400000, 0x0000000082400000| Untracked 
|  33|0x0000000082500000, 0x0000000082500000, 0x0000000082600000|  0%| F|  |TAMS 0x0000000082500000, 0x0000000082500000| Untracked 
|  34|0x0000000082600000, 0x0000000082600000, 0x0000000082700000|  0%| F|  |TAMS 0x0000000082600000, 0x0000000082600000| Untracked 
|  35|0x0000000082700000, 0x0000000082700000, 0x0000000082800000|  0%| F|  |TAMS 0x0000000082700000, 0x0000000082700000| Untracked 
|  36|0x0000000082800000, 0x0000000082800000, 0x0000000082900000|  0%| F|  |TAMS 0x0000000082800000, 0x0000000082800000| Untracked 
|  37|0x0000000082900000, 0x0000000082900000, 0x0000000082a00000|  0%| F|  |TAMS 0x0000000082900000, 0x0000000082900000| Untracked 
|  38|0x0000000082a00000, 0x0000000082a00000, 0x0000000082b00000|  0%| F|  |TAMS 0x0000000082a00000, 0x0000000082a00000| Untracked 
|  39|0x0000000082b00000, 0x0000000082b00000, 0x0000000082c00000|  0%| F|  |TAMS 0x0000000082b00000, 0x0000000082b00000| Untracked 
|  40|0x0000000082c00000, 0x0000000082c00000, 0x0000000082d00000|  0%| F|  |TAMS 0x0000000082c00000, 0x0000000082c00000| Untracked 
|  41|0x0000000082d00000, 0x0000000082d00000, 0x0000000082e00000|  0%| F|  |TAMS 0x0000000082d00000, 0x0000000082d00000| Untracked 
|  42|0x0000000082e00000, 0x0000000082e00000, 0x0000000082f00000|  0%| F|  |TAMS 0x0000000082e00000, 0x0000000082e00000| Untracked 
|  43|0x0000000082f00000, 0x0000000082f00000, 0x0000000083000000|  0%| F|  |TAMS 0x0000000082f00000, 0x0000000082f00000| Untracked 
|  44|0x0000000083000000, 0x0000000083000000, 0x0000000083100000|  0%| F|  |TAMS 0x0000000083000000, 0x0000000083000000| Untracked 
|  45|0x0000000083100000, 0x0000000083100000, 0x0000000083200000|  0%| F|  |TAMS 0x0000000083100000, 0x0000000083100000| Untracked 
|  46|0x0000000083200000, 0x0000000083200000, 0x0000000083300000|  0%| F|  |TAMS 0x0000000083200000, 0x0000000083200000| Untracked 
|  47|0x0000000083300000, 0x0000000083300000, 0x0000000083400000|  0%| F|  |TAMS 0x0000000083300000, 0x0000000083300000| Untracked 
|  48|0x0000000083400000, 0x0000000083400000, 0x0000000083500000|  0%| F|  |TAMS 0x0000000083400000, 0x0000000083400000| Untracked 
|  49|0x0000000083500000, 0x0000000083500000, 0x0000000083600000|  0%| F|  |TAMS 0x0000000083500000, 0x0000000083500000| Untracked 
|  50|0x0000000083600000, 0x0000000083600000, 0x0000000083700000|  0%| F|  |TAMS 0x0000000083600000, 0x0000000083600000| Untracked 
|  51|0x0000000083700000, 0x0000000083700000, 0x0000000083800000|  0%| F|  |TAMS 0x0000000083700000, 0x0000000083700000| Untracked 
|  52|0x0000000083800000, 0x0000000083800000, 0x0000000083900000|  0%| F|  |TAMS 0x0000000083800000, 0x0000000083800000| Untracked 
|  53|0x0000000083900000, 0x0000000083900000, 0x0000000083a00000|  0%| F|  |TAMS 0x0000000083900000, 0x0000000083900000| Untracked 
|  54|0x0000000083a00000, 0x0000000083a00000, 0x0000000083b00000|  0%| F|  |TAMS 0x0000000083a00000, 0x0000000083a00000| Untracked 
|  55|0x0000000083b00000, 0x0000000083b00000, 0x0000000083c00000|  0%| F|  |TAMS 0x0000000083b00000, 0x0000000083b00000| Untracked 
|  56|0x0000000083c00000, 0x0000000083c00000, 0x0000000083d00000|  0%| F|  |TAMS 0x0000000083c00000, 0x0000000083c00000| Untracked 
|  57|0x0000000083d00000, 0x0000000083d00000, 0x0000000083e00000|  0%| F|  |TAMS 0x0000000083d00000, 0x0000000083d00000| Untracked 
|  58|0x0000000083e00000, 0x0000000083e00000, 0x0000000083f00000|  0%| F|  |TAMS 0x0000000083e00000, 0x0000000083e00000| Untracked 
|  59|0x0000000083f00000, 0x0000000083f00000, 0x0000000084000000|  0%| F|  |TAMS 0x0000000083f00000, 0x0000000083f00000| Untracked 
|  60|0x0000000084000000, 0x0000000084000000, 0x0000000084100000|  0%| F|  |TAMS 0x0000000084000000, 0x0000000084000000| Untracked 
|  61|0x0000000084100000, 0x0000000084100000, 0x0000000084200000|  0%| F|  |TAMS 0x0000000084100000, 0x0000000084100000| Untracked 
|  62|0x0000000084200000, 0x0000000084200000, 0x0000000084300000|  0%| F|  |TAMS 0x0000000084200000, 0x0000000084200000| Untracked 
|  63|0x0000000084300000, 0x0000000084300000, 0x0000000084400000|  0%| F|  |TAMS 0x0000000084300000, 0x0000000084300000| Untracked 
|  64|0x0000000084400000, 0x0000000084400000, 0x0000000084500000|  0%| F|  |TAMS 0x0000000084400000, 0x0000000084400000| Untracked 
|  65|0x0000000084500000, 0x0000000084500000, 0x0000000084600000|  0%| F|  |TAMS 0x0000000084500000, 0x0000000084500000| Untracked 
|  66|0x0000000084600000, 0x0000000084600000, 0x0000000084700000|  0%| F|  |TAMS 0x0000000084600000, 0x0000000084600000| Untracked 
|  67|0x0000000084700000, 0x0000000084700000, 0x0000000084800000|  0%| F|  |TAMS 0x0000000084700000, 0x0000000084700000| Untracked 
|  68|0x0000000084800000, 0x0000000084800000, 0x0000000084900000|  0%| F|  |TAMS 0x0000000084800000, 0x0000000084800000| Untracked 
|  69|0x0000000084900000, 0x0000000084900000, 0x0000000084a00000|  0%| F|  |TAMS 0x0000000084900000, 0x0000000084900000| Untracked 
|  70|0x0000000084a00000, 0x0000000084a00000, 0x0000000084b00000|  0%| F|  |TAMS 0x0000000084a00000, 0x0000000084a00000| Untracked 
|  71|0x0000000084b00000, 0x0000000084b00000, 0x0000000084c00000|  0%| F|  |TAMS 0x0000000084b00000, 0x0000000084b00000| Untracked 
|  72|0x0000000084c00000, 0x0000000084c00000, 0x0000000084d00000|  0%| F|  |TAMS 0x0000000084c00000, 0x0000000084c00000| Untracked 
|  73|0x0000000084d00000, 0x0000000084d00000, 0x0000000084e00000|  0%| F|  |TAMS 0x0000000084d00000, 0x0000000084d00000| Untracked 
|  74|0x0000000084e00000, 0x0000000084e00000, 0x0000000084f00000|  0%| F|  |TAMS 0x0000000084e00000, 0x0000000084e00000| Untracked 
|  75|0x0000000084f00000, 0x0000000084f00000, 0x0000000085000000|  0%| F|  |TAMS 0x0000000084f00000, 0x0000000084f00000| Untracked 
|  76|0x0000000085000000, 0x0000000085000000, 0x0000000085100000|  0%| F|  |TAMS 0x0000000085000000, 0x0000000085000000| Untracked 
|  77|0x0000000085100000, 0x0000000085100000, 0x0000000085200000|  0%| F|  |TAMS 0x0000000085100000, 0x0000000085100000| Untracked 
|  78|0x0000000085200000, 0x0000000085200000, 0x0000000085300000|  0%| F|  |TAMS 0x0000000085200000, 0x0000000085200000| Untracked 
|  79|0x0000000085300000, 0x0000000085300000, 0x0000000085400000|  0%| F|  |TAMS 0x0000000085300000, 0x0000000085300000| Untracked 
|  80|0x0000000085400000, 0x0000000085400000, 0x0000000085500000|  0%| F|  |TAMS 0x0000000085400000, 0x0000000085400000| Untracked 
|  81|0x0000000085500000, 0x0000000085500000, 0x0000000085600000|  0%| F|  |TAMS 0x0000000085500000, 0x0000000085500000| Untracked 
|  82|0x0000000085600000, 0x0000000085600000, 0x0000000085700000|  0%| F|  |TAMS 0x0000000085600000, 0x0000000085600000| Untracked 
|  83|0x0000000085700000, 0x0000000085700000, 0x0000000085800000|  0%| F|  |TAMS 0x0000000085700000, 0x0000000085700000| Untracked 
|  84|0x0000000085800000, 0x0000000085800000, 0x0000000085900000|  0%| F|  |TAMS 0x0000000085800000, 0x0000000085800000| Untracked 
|  85|0x0000000085900000, 0x0000000085900000, 0x0000000085a00000|  0%| F|  |TAMS 0x0000000085900000, 0x0000000085900000| Untracked 
|  86|0x0000000085a00000, 0x0000000085a00000, 0x0000000085b00000|  0%| F|  |TAMS 0x0000000085a00000, 0x0000000085a00000| Untracked 
|  87|0x0000000085b00000, 0x0000000085b00000, 0x0000000085c00000|  0%| F|  |TAMS 0x0000000085b00000, 0x0000000085b00000| Untracked 
|  88|0x0000000085c00000, 0x0000000085c00000, 0x0000000085d00000|  0%| F|  |TAMS 0x0000000085c00000, 0x0000000085c00000| Untracked 
|  89|0x0000000085d00000, 0x0000000085d00000, 0x0000000085e00000|  0%| F|  |TAMS 0x0000000085d00000, 0x0000000085d00000| Untracked 
|  90|0x0000000085e00000, 0x0000000085e00000, 0x0000000085f00000|  0%| F|  |TAMS 0x0000000085e00000, 0x0000000085e00000| Untracked 
|  91|0x0000000085f00000, 0x0000000085f00000, 0x0000000086000000|  0%| F|  |TAMS 0x0000000085f00000, 0x0000000085f00000| Untracked 
|  92|0x0000000086000000, 0x0000000086000000, 0x0000000086100000|  0%| F|  |TAMS 0x0000000086000000, 0x0000000086000000| Untracked 
|  93|0x0000000086100000, 0x0000000086100000, 0x0000000086200000|  0%| F|  |TAMS 0x0000000086100000, 0x0000000086100000| Untracked 
|  94|0x0000000086200000, 0x0000000086200000, 0x0000000086300000|  0%| F|  |TAMS 0x0000000086200000, 0x0000000086200000| Untracked 
|  95|0x0000000086300000, 0x0000000086300000, 0x0000000086400000|  0%| F|  |TAMS 0x0000000086300000, 0x0000000086300000| Untracked 
|  96|0x0000000086400000, 0x0000000086400000, 0x0000000086500000|  0%| F|  |TAMS 0x0000000086400000, 0x0000000086400000| Untracked 
|  97|0x0000000086500000, 0x0000000086500000, 0x0000000086600000|  0%| F|  |TAMS 0x0000000086500000, 0x0000000086500000| Untracked 
|  98|0x0000000086600000, 0x0000000086600000, 0x0000000086700000|  0%| F|  |TAMS 0x0000000086600000, 0x0000000086600000| Untracked 
|  99|0x0000000086700000, 0x0000000086700000, 0x0000000086800000|  0%| F|  |TAMS 0x0000000086700000, 0x0000000086700000| Untracked 
| 100|0x0000000086800000, 0x0000000086800000, 0x0000000086900000|  0%| F|  |TAMS 0x0000000086800000, 0x0000000086800000| Untracked 
| 101|0x0000000086900000, 0x0000000086900000, 0x0000000086a00000|  0%| F|  |TAMS 0x0000000086900000, 0x0000000086900000| Untracked 
| 102|0x0000000086a00000, 0x0000000086a00000, 0x0000000086b00000|  0%| F|  |TAMS 0x0000000086a00000, 0x0000000086a00000| Untracked 
| 103|0x0000000086b00000, 0x0000000086b00000, 0x0000000086c00000|  0%| F|  |TAMS 0x0000000086b00000, 0x0000000086b00000| Untracked 
| 104|0x0000000086c00000, 0x0000000086c00000, 0x0000000086d00000|  0%| F|  |TAMS 0x0000000086c00000, 0x0000000086c00000| Untracked 
| 105|0x0000000086d00000, 0x0000000086d00000, 0x0000000086e00000|  0%| F|  |TAMS 0x0000000086d00000, 0x0000000086d00000| Untracked 
| 106|0x0000000086e00000, 0x0000000086e00000, 0x0000000086f00000|  0%| F|  |TAMS 0x0000000086e00000, 0x0000000086e00000| Untracked 
| 107|0x0000000086f00000, 0x0000000086f00000, 0x0000000087000000|  0%| F|  |TAMS 0x0000000086f00000, 0x0000000086f00000| Untracked 
| 108|0x0000000087000000, 0x0000000087000000, 0x0000000087100000|  0%| F|  |TAMS 0x0000000087000000, 0x0000000087000000| Untracked 
| 109|0x0000000087100000, 0x0000000087100000, 0x0000000087200000|  0%| F|  |TAMS 0x0000000087100000, 0x0000000087100000| Untracked 
| 110|0x0000000087200000, 0x0000000087200000, 0x0000000087300000|  0%| F|  |TAMS 0x0000000087200000, 0x0000000087200000| Untracked 
| 111|0x0000000087300000, 0x0000000087300000, 0x0000000087400000|  0%| F|  |TAMS 0x0000000087300000, 0x0000000087300000| Untracked 
| 112|0x0000000087400000, 0x0000000087400000, 0x0000000087500000|  0%| F|  |TAMS 0x0000000087400000, 0x0000000087400000| Untracked 
| 113|0x0000000087500000, 0x0000000087500000, 0x0000000087600000|  0%| F|  |TAMS 0x0000000087500000, 0x0000000087500000| Untracked 
| 114|0x0000000087600000, 0x0000000087600000, 0x0000000087700000|  0%| F|  |TAMS 0x0000000087600000, 0x0000000087600000| Untracked 
| 115|0x0000000087700000, 0x0000000087700000, 0x0000000087800000|  0%| F|  |TAMS 0x0000000087700000, 0x0000000087700000| Untracked 
| 116|0x0000000087800000, 0x0000000087800000, 0x0000000087900000|  0%| F|  |TAMS 0x0000000087800000, 0x0000000087800000| Untracked 
| 117|0x0000000087900000, 0x0000000087900000, 0x0000000087a00000|  0%| F|  |TAMS 0x0000000087900000, 0x0000000087900000| Untracked 
| 118|0x0000000087a00000, 0x0000000087a00000, 0x0000000087b00000|  0%| F|  |TAMS 0x0000000087a00000, 0x0000000087a00000| Untracked 
| 119|0x0000000087b00000, 0x0000000087c00000, 0x0000000087c00000|100%| S|  |TAMS 0x0000000087b00000, 0x0000000087b00000| Complete 
| 120|0x0000000087c00000, 0x0000000087d00000, 0x0000000087d00000|100%| S|  |TAMS 0x0000000087c00000, 0x0000000087c00000| Complete 
| 121|0x0000000087d00000, 0x0000000087d85a70, 0x0000000087e00000| 52%| E|CS|TAMS 0x0000000087d00000, 0x0000000087d85a70| Complete 
| 122|0x0000000087e00000, 0x0000000087f00000, 0x0000000087f00000|100%| E|CS|TAMS 0x0000000087e00000, 0x0000000087f00000| Complete 
| 123|0x0000000087f00000, 0x0000000088000000, 0x0000000088000000|100%| E|CS|TAMS 0x0000000087f00000, 0x0000000088000000| Complete 
| 124|0x0000000088000000, 0x0000000088100000, 0x0000000088100000|100%| E|CS|TAMS 0x0000000088000000, 0x0000000088100000| Complete 
| 125|0x0000000088100000, 0x0000000088200000, 0x0000000088200000|100%| E|CS|TAMS 0x0000000088100000, 0x0000000088200000| Complete 
| 126|0x0000000088200000, 0x0000000088300000, 0x0000000088300000|100%| E|CS|TAMS 0x0000000088200000, 0x0000000088300000| Complete 
| 127|0x0000000088300000, 0x0000000088400000, 0x0000000088400000|100%| E|CS|TAMS 0x0000000088300000, 0x0000000088400000| Complete 

Card table byte_map: [0x00000255bc7d0000,0x00000255bcbd0000] _byte_map_base: 0x00000255bc3ce000

Marking Bits (Prev, Next): (CMBitMap*) 0x00000255a99f2c50, (CMBitMap*) 0x00000255a99f2c90
 Prev Bits: [0x00000255bcfd0000, 0x00000255befc0000)
 Next Bits: [0x00000255befc0000, 0x00000255c0fb0000)

Polling page: 0x00000255a7970000

Metaspace:

Usage:
  Non-class:     12.94 MB capacity,    12.89 MB (>99%) used,    27.94 KB ( <1%) free+waste,    16.75 KB ( <1%) overhead. 
      Class:      1.50 MB capacity,     1.47 MB ( 98%) used,    30.96 KB (  2%) free+waste,     6.06 KB ( <1%) overhead. 
       Both:     14.44 MB capacity,    14.36 MB (>99%) used,    58.90 KB ( <1%) free+waste,    22.81 KB ( <1%) overhead. 

Virtual space:
  Non-class space:       20.00 MB reserved,      13.00 MB ( 65%) committed 
      Class space:        1.00 GB reserved,       1.62 MB ( <1%) committed 
             Both:        1.02 GB reserved,      14.62 MB (  1%) committed 

Chunk freelists:
   Non-Class:  63.00 KB
       Class:  29.00 KB
        Both:  92.00 KB

MaxMetaspaceSize: 17179869184.00 GB
CompressedClassSpaceSize: 1.00 GB

CodeHeap 'non-profiled nmethods': size=120000Kb used=242Kb max_used=242Kb free=119758Kb
 bounds [0x00000255b4ea0000, 0x00000255b5110000, 0x00000255bc3d0000]
CodeHeap 'profiled nmethods': size=120000Kb used=1358Kb max_used=1358Kb free=118641Kb
 bounds [0x00000255ad970000, 0x00000255adbe0000, 0x00000255b4ea0000]
CodeHeap 'non-nmethods': size=5760Kb used=1296Kb max_used=1300Kb free=4463Kb
 bounds [0x00000255ad3d0000, 0x00000255ad640000, 0x00000255ad970000]
 total_blobs=1535 nmethods=943 adapters=505
 compilation: enabled
              stopped_count=0, restarted_count=0
 full_count=0

Compilation events (20 events):
Event: 7.695 Thread 0x00000255c3d0fb10 nmethod 934 0x00000255adac1d10 code [0x00000255adac1ee0, 0x00000255adac2248]
Event: 7.699 Thread 0x00000255c3d0fb10  935       1       sun.java2d.d3d.D3DGraphicsDevice::getContext (5 bytes)
Event: 7.699 Thread 0x00000255c3d0fb10 nmethod 935 0x00000255b4edbc10 code [0x00000255b4edbda0, 0x00000255b4edbe58]
Event: 7.699 Thread 0x00000255c3d0fb10  936       3       javax.swing.JComponent::getWidth (5 bytes)
Event: 7.700 Thread 0x00000255c3d0fb10 nmethod 936 0x00000255adac2390 code [0x00000255adac2520, 0x00000255adac2638]
Event: 7.700 Thread 0x00000255c3d0fb10  938       3       javax.swing.JComponent::getHeight (5 bytes)
Event: 7.700 Thread 0x00000255c3d0fb10 nmethod 938 0x00000255adac2710 code [0x00000255adac28a0, 0x00000255adac29b8]
Event: 7.700 Thread 0x00000255c3d0fb10  937       3       java.awt.Component::getForeground (29 bytes)
Event: 7.700 Thread 0x00000255c3d0fb10 nmethod 937 0x00000255adac2a90 code [0x00000255adac2c40, 0x00000255adac3028]
Event: 7.700 Thread 0x00000255c3d0fb10  939       3       sun.java2d.SurfaceData::markDirty (8 bytes)
Event: 7.700 Thread 0x00000255c3d0fb10 nmethod 939 0x00000255adac3110 code [0x00000255adac32a0, 0x00000255adac3438]
Event: 7.700 Thread 0x00000255c3d0fb10  940       1       javax.swing.AbstractButton::getText (5 bytes)
Event: 7.700 Thread 0x00000255c3d0fb10 nmethod 940 0x00000255b4edbf10 code [0x00000255b4edc0a0, 0x00000255b4edc158]
Event: 7.700 Thread 0x00000255c3d0fb10  941       1       sun.java2d.pipe.Region::getLoX (5 bytes)
Event: 7.700 Thread 0x00000255c3d0fb10 nmethod 941 0x00000255b4edc210 code [0x00000255b4edc3a0, 0x00000255b4edc458]
Event: 7.701 Thread 0x00000255c3d0fb10  942       3       java.awt.Component::getGraphicsConfiguration (5 bytes)
Event: 7.701 Thread 0x00000255c3d0fb10 nmethod 942 0x00000255adac3510 code [0x00000255adac36a0, 0x00000255adac37b8]
Event: 7.701 Thread 0x00000255c3d0fb10  943       1       sun.font.FontDesignMetrics$MetricsKey::hashCode (5 bytes)
Event: 7.701 Thread 0x00000255c3d0fb10 nmethod 943 0x00000255b4edc510 code [0x00000255b4edc6a0, 0x00000255b4edc758]
Event: 7.701 Thread 0x00000255c3d0fb10  944       3       javax.swing.border.AbstractBorder::getBorderInsets (17 bytes)

GC Heap History (1 events):
Event: 7.701 GC heap before
{Heap before GC invocations=0 (full 0):
 garbage-first heap   total 131072K, used 7168K [0x0000000080400000, 0x0000000100000000)
  region size 1024K, 7 young (7168K), 0 survivors (0K)
 Metaspace       used 14706K, capacity 14788K, committed 14976K, reserved 1069056K
  class space    used 1501K, capacity 1539K, committed 1664K, reserved 1048576K
}

Deoptimization events (16 events):
Event: 0.104 Thread 0x00000255a99afd20 Uncommon trap: trap_request=0xffffff45 fr.pc=0x00000255b4ea42cc relative=0x00000000000001ac
Event: 0.104 Thread 0x00000255a99afd20 Uncommon trap: reason=unstable_if action=reinterpret pc=0x00000255b4ea42cc method=java.lang.String.hashCode()I @ 42 c2
Event: 0.104 Thread 0x00000255a99afd20 DEOPT PACKING pc=0x00000255b4ea42cc sp=0x00000064f20fd7f0
Event: 0.104 Thread 0x00000255a99afd20 DEOPT UNPACKING pc=0x00000255ad41e42f sp=0x00000064f20fd788 mode 2
Event: 0.188 Thread 0x00000255a99afd20 Uncommon trap: trap_request=0xffffff45 fr.pc=0x00000255b4ea729c relative=0x000000000000007c
Event: 0.188 Thread 0x00000255a99afd20 Uncommon trap: reason=unstable_if action=reinterpret pc=0x00000255b4ea729c method=java.lang.String.charAt(I)C @ 4 c2
Event: 0.188 Thread 0x00000255a99afd20 DEOPT PACKING pc=0x00000255b4ea729c sp=0x00000064f20fc860
Event: 0.188 Thread 0x00000255a99afd20 DEOPT UNPACKING pc=0x00000255ad41e42f sp=0x00000064f20fc800 mode 2
Event: 0.340 Thread 0x00000255a99afd20 Uncommon trap: trap_request=0xffffff45 fr.pc=0x00000255b4ebe310 relative=0x0000000000000170
Event: 0.340 Thread 0x00000255a99afd20 Uncommon trap: reason=unstable_if action=reinterpret pc=0x00000255b4ebe310 method=java.lang.String.equals(Ljava/lang/Object;)Z @ 33 c2
Event: 0.340 Thread 0x00000255a99afd20 DEOPT PACKING pc=0x00000255b4ebe310 sp=0x00000064f20fec50
Event: 0.340 Thread 0x00000255a99afd20 DEOPT UNPACKING pc=0x00000255ad41e42f sp=0x00000064f20febf0 mode 2
Event: 0.388 Thread 0x00000255a99afd20 Uncommon trap: trap_request=0xffffffe5 fr.pc=0x00000255b4eb7990 relative=0x0000000000000170
Event: 0.388 Thread 0x00000255a99afd20 Uncommon trap: reason=range_check action=reinterpret pc=0x00000255b4eb7990 method=java.lang.StringLatin1.indexOf([BII)I @ 13 c2
Event: 0.388 Thread 0x00000255a99afd20 DEOPT PACKING pc=0x00000255b4eb7990 sp=0x00000064f20fd0a0
Event: 0.388 Thread 0x00000255a99afd20 DEOPT UNPACKING pc=0x00000255ad41e42f sp=0x00000064f20fd020 mode 2

Classes unloaded (0 events):
No events

Classes redefined (0 events):
No events

Internal exceptions (15 events):
Event: 0.127 Thread 0x00000255a99afd20 Exception <a 'java/lang/NoSuchMethodError'{0x000000008820d2c8}: 'void java.lang.invoke.DirectMethodHandle$Holder.invokeSpecial(java.lang.Object, java.lang.Object, java.lang.Object)'> (0x000000008820d2c8) 
thrown [./open/src/hotspot/share/interpreter/linkResolver.cpp, line 782]
Event: 0.158 Thread 0x00000255a99afd20 Exception <a 'java/lang/ClassNotFoundException'{0x000000008823a918}: sun/awt/resources/spi/awtProvider> (0x000000008823a918) 
thrown [./open/src/hotspot/share/classfile/systemDictionary.cpp, line 295]
Event: 0.188 Thread 0x00000255a99afd20 Exception <a 'java/io/FileNotFoundException'{0x0000000088296f38}> (0x0000000088296f38) 
thrown [./open/src/hotspot/share/prims/jni.cpp, line 578]
Event: 0.196 Thread 0x00000255a99afd20 Exception <a 'java/io/FileNotFoundException'{0x00000000882c5a38}> (0x00000000882c5a38) 
thrown [./open/src/hotspot/share/prims/jni.cpp, line 578]
Event: 0.197 Thread 0x00000255a99afd20 Exception <a 'java/lang/NoSuchMethodError'{0x00000000882c7298}: 'java.lang.Object java.lang.invoke.DirectMethodHandle$Holder.invokeStatic(java.lang.Object)'> (0x00000000882c7298) 
thrown [./open/src/hotspot/share/interpreter/linkResolver.cpp, line 782]
Event: 0.240 Thread 0x00000255a99afd20 Exception <a 'java/lang/NoSuchMethodError'{0x000000008811c258}: 'java.lang.Object java.lang.invoke.DirectMethodHandle$Holder.invokeStaticInit(java.lang.Object)'> (0x000000008811c258) 
thrown [./open/src/hotspot/share/interpreter/linkResolver.cpp, line 782]
Event: 0.280 Thread 0x00000255a99afd20 Exception <a 'java/lang/NoSuchMethodError'{0x00000000881b3ad8}: 'java.lang.Object java.lang.invoke.DirectMethodHandle$Holder.newInvokeSpecial(java.lang.Object, java.lang.Object, java.lang.Object, java.lang.Object, java.lang.Object)'> (0x00000000881b3ad8) 
thrown [./open/src/hotspot/share/interpreter/linkResolver.cpp, line 782]
Event: 0.282 Thread 0x00000255a99afd20 Exception <a 'java/lang/NoSuchMethodError'{0x00000000881bf568}: 'java.lang.Object java.lang.invoke.DirectMethodHandle$Holder.invokeStatic(java.lang.Object, int, java.lang.Object, java.lang.Object, java.lang.Object, java.lang.Object)'> (0x00000000881bf568) 
thrown [./open/src/hotspot/share/interpreter/linkResolver.cpp, line 782]
Event: 0.286 Thread 0x00000255a99afd20 Exception <a 'java/lang/NoSuchMethodError'{0x00000000881e5828}: 'java.lang.Object java.lang.invoke.DirectMethodHandle$Holder.invokeStatic(java.lang.Object, int, java.lang.Object)'> (0x00000000881e5828) 
thrown [./open/src/hotspot/share/interpreter/linkResolver.cpp, line 782]
Event: 0.314 Thread 0x00000255a99afd20 Exception <a 'java/lang/ClassNotFoundException'{0x00000000880a09b8}: com/sun/swing/internal/plaf/metal/resources/spi/metalProvider> (0x00000000880a09b8) 
thrown [./open/src/hotspot/share/classfile/systemDictionary.cpp, line 295]
Event: 0.315 Thread 0x00000255a99afd20 Exception <a 'java/lang/ClassNotFoundException'{0x00000000880a47e0}: com/sun/swing/internal/plaf/basic/resources/spi/basicProvider> (0x00000000880a47e0) 
thrown [./open/src/hotspot/share/classfile/systemDictionary.cpp, line 295]
Event: 0.333 Thread 0x00000255c438f030 Exception <a 'java/lang/NoSuchMethodError'{0x00000000880d7bf0}: 'java.lang.Object java.lang.invoke.DirectMethodHandle$Holder.newInvokeSpecial(java.lang.Object, java.lang.Object, java.lang.Object, int, int, int, int, int)'> (0x00000000880d7bf0) 
thrown [./open/src/hotspot/share/interpreter/linkResolver.cpp, line 782]
Event: 0.363 Thread 0x00000255a99afd20 Exception <a 'java/io/FileNotFoundException'{0x0000000087f182d0}> (0x0000000087f182d0) 
thrown [./open/src/hotspot/share/prims/jni.cpp, line 578]
Event: 0.641 Thread 0x00000255a99afd20 Exception <a 'java/lang/NoSuchMethodError'{0x0000000087fde980}: 'void java.lang.invoke.DirectMethodHandle$Holder.invokeStaticInit(java.lang.Object)'> (0x0000000087fde980) 
thrown [./open/src/hotspot/share/interpreter/linkResolver.cpp, line 782]
Event: 0.704 Thread 0x00000255a99afd20 Exception <a 'java/lang/NoSuchMethodError'{0x0000000087ead5b0}: 'int java.lang.invoke.DirectMethodHandle$Holder.invokeStatic(java.lang.Object)'> (0x0000000087ead5b0) 
thrown [./open/src/hotspot/share/interpreter/linkResolver.cpp, line 782]

Events (20 events):
Event: 7.654 loading class javax/swing/plaf/synth/SynthUI done
Event: 7.654 loading class javax/swing/JTextArea
Event: 7.655 loading class javax/swing/JTextArea done
Event: 7.655 loading class javax/swing/JEditorPane
Event: 7.656 loading class javax/swing/JEditorPane done
Event: 7.656 loading class javax/swing/DefaultBoundedRangeModel
Event: 7.656 loading class javax/swing/BoundedRangeModel
Event: 7.656 loading class javax/swing/BoundedRangeModel done
Event: 7.656 loading class javax/swing/DefaultBoundedRangeModel done
Event: 7.656 loading class javax/swing/JTextField$ScrollRepainter
Event: 7.656 loading class javax/swing/JTextField$ScrollRepainter done
Event: 7.681 loading class javax/swing/text/SegmentCache
Event: 7.682 loading class javax/swing/text/SegmentCache done
Event: 7.682 loading class javax/swing/text/SegmentCache$CachedSegment
Event: 7.682 loading class javax/swing/text/Segment
Event: 7.682 loading class javax/swing/text/Segment done
Event: 7.682 loading class javax/swing/text/SegmentCache$CachedSegment done
Event: 7.682 loading class javax/swing/text/Utilities
Event: 7.682 loading class javax/swing/text/Utilities done
Event: 7.701 Executing VM operation: CollectForMetadataAllocation


Dynamic libraries:
0x00007ff681250000 - 0x00007ff68125d000 	C:\eclipse_2020_down\eclipse-jee-2020-12-R-win32-x86_64\eclipse\plugins\org.eclipse.justj.openjdk.hotspot.jre.full.win32.x86_64_15.0.1.v20201027-0507\jre\bin\javaw.exe
0x00007ffb9abb0000 - 0x00007ffb9ada5000 	C:\Windows\SYSTEM32\ntdll.dll
0x00007ffb98f00000 - 0x00007ffb98fbe000 	C:\Windows\System32\KERNEL32.DLL
0x00007ffb978e0000 - 0x00007ffb97ba8000 	C:\Windows\System32\KERNELBASE.dll
0x00007ffb97d20000 - 0x00007ffb97e20000 	C:\Windows\System32\ucrtbase.dll
0x00007ffb8a6c0000 - 0x00007ffb8a6d8000 	C:\eclipse_2020_down\eclipse-jee-2020-12-R-win32-x86_64\eclipse\plugins\org.eclipse.justj.openjdk.hotspot.jre.full.win32.x86_64_15.0.1.v20201027-0507\jre\bin\jli.dll
0x00007ffb863b0000 - 0x00007ffb863c9000 	C:\eclipse_2020_down\eclipse-jee-2020-12-R-win32-x86_64\eclipse\plugins\org.eclipse.justj.openjdk.hotspot.jre.full.win32.x86_64_15.0.1.v20201027-0507\jre\bin\VCRUNTIME140.dll
0x00007ffb9a540000 - 0x00007ffb9a6e1000 	C:\Windows\System32\USER32.dll
0x00007ffb98110000 - 0x00007ffb98132000 	C:\Windows\System32\win32u.dll
0x00007ffb98fc0000 - 0x00007ffb98feb000 	C:\Windows\System32\GDI32.dll
0x00007ffb98140000 - 0x00007ffb9824d000 	C:\Windows\System32\gdi32full.dll
0x00007ffb90660000 - 0x00007ffb908fa000 	C:\Windows\WinSxS\amd64_microsoft.windows.common-controls_6595b64144ccf1df_6.0.19041.1110_none_60b5254171f9507e\COMCTL32.dll
0x00007ffb98070000 - 0x00007ffb9810d000 	C:\Windows\System32\msvcp_win.dll
0x00007ffb985b0000 - 0x00007ffb9864e000 	C:\Windows\System32\msvcrt.dll
0x00007ffb99120000 - 0x00007ffb99150000 	C:\Windows\System32\IMM32.DLL
0x00007ffb8ef20000 - 0x00007ffb8ef2c000 	C:\eclipse_2020_down\eclipse-jee-2020-12-R-win32-x86_64\eclipse\plugins\org.eclipse.justj.openjdk.hotspot.jre.full.win32.x86_64_15.0.1.v20201027-0507\jre\bin\vcruntime140_1.dll
0x00007ffb6ec90000 - 0x00007ffb6ed21000 	C:\eclipse_2020_down\eclipse-jee-2020-12-R-win32-x86_64\eclipse\plugins\org.eclipse.justj.openjdk.hotspot.jre.full.win32.x86_64_15.0.1.v20201027-0507\jre\bin\msvcp140.dll
0x00007ffb39030000 - 0x00007ffb39b8e000 	C:\eclipse_2020_down\eclipse-jee-2020-12-R-win32-x86_64\eclipse\plugins\org.eclipse.justj.openjdk.hotspot.jre.full.win32.x86_64_15.0.1.v20201027-0507\jre\bin\server\jvm.dll
0x00007ffb98e50000 - 0x00007ffb98efc000 	C:\Windows\System32\ADVAPI32.dll
0x00007ffb99c80000 - 0x00007ffb99d1b000 	C:\Windows\System32\sechost.dll
0x00007ffb98ff0000 - 0x00007ffb9911a000 	C:\Windows\System32\RPCRT4.dll
0x00007ffb98e40000 - 0x00007ffb98e48000 	C:\Windows\System32\PSAPI.DLL
0x00007ffb7fc00000 - 0x00007ffb7fc09000 	C:\Windows\SYSTEM32\WSOCK32.dll
0x00007ffb9ab00000 - 0x00007ffb9ab6b000 	C:\Windows\System32\WS2_32.dll
0x00007ffb91610000 - 0x00007ffb91637000 	C:\Windows\SYSTEM32\WINMM.dll
0x00007ffb91d40000 - 0x00007ffb91d4a000 	C:\Windows\SYSTEM32\VERSION.dll
0x00007ffb95800000 - 0x00007ffb95812000 	C:\Windows\SYSTEM32\kernel.appcore.dll
0x00007ffb93700000 - 0x00007ffb9370a000 	C:\eclipse_2020_down\eclipse-jee-2020-12-R-win32-x86_64\eclipse\plugins\org.eclipse.justj.openjdk.hotspot.jre.full.win32.x86_64_15.0.1.v20201027-0507\jre\bin\jimage.dll
0x00007ffb8a870000 - 0x00007ffb8aa54000 	C:\Windows\SYSTEM32\DBGHELP.DLL
0x00007ffb84ba0000 - 0x00007ffb84bcc000 	C:\Windows\SYSTEM32\dbgcore.DLL
0x00007ffb97e20000 - 0x00007ffb97ea2000 	C:\Windows\System32\bcryptPrimitives.dll
0x00007ffb936d0000 - 0x00007ffb936f5000 	C:\eclipse_2020_down\eclipse-jee-2020-12-R-win32-x86_64\eclipse\plugins\org.eclipse.justj.openjdk.hotspot.jre.full.win32.x86_64_15.0.1.v20201027-0507\jre\bin\java.dll
0x00007ffb936b0000 - 0x00007ffb936c8000 	C:\eclipse_2020_down\eclipse-jee-2020-12-R-win32-x86_64\eclipse\plugins\org.eclipse.justj.openjdk.hotspot.jre.full.win32.x86_64_15.0.1.v20201027-0507\jre\bin\zip.dll
0x00007ffb98650000 - 0x00007ffb98d94000 	C:\Windows\System32\SHELL32.dll
0x00007ffb95a00000 - 0x00007ffb96194000 	C:\Windows\SYSTEM32\windows.storage.dll
0x00007ffb9a6f0000 - 0x00007ffb9aa45000 	C:\Windows\System32\combase.dll
0x00007ffb97260000 - 0x00007ffb9728e000 	C:\Windows\SYSTEM32\Wldp.dll
0x00007ffb99820000 - 0x00007ffb998cd000 	C:\Windows\System32\SHCORE.dll
0x00007ffb98550000 - 0x00007ffb985a5000 	C:\Windows\System32\shlwapi.dll
0x00007ffb97820000 - 0x00007ffb9783f000 	C:\Windows\SYSTEM32\profapi.dll
0x00007ffb64ee0000 - 0x00007ffb6505f000 	C:\eclipse_2020_down\eclipse-jee-2020-12-R-win32-x86_64\eclipse\plugins\org.eclipse.justj.openjdk.hotspot.jre.full.win32.x86_64_15.0.1.v20201027-0507\jre\bin\awt.dll
0x00007ffb99f70000 - 0x00007ffb9a03d000 	C:\Windows\System32\OLEAUT32.dll
0x00007ffb95220000 - 0x00007ffb952b0000 	C:\Windows\SYSTEM32\apphelp.dll
0x00007ffb95320000 - 0x00007ffb953be000 	C:\Windows\system32\uxtheme.dll
0x00007ffb99e50000 - 0x00007ffb99f65000 	C:\Windows\System32\MSCTF.dll
0x00007ffb99d20000 - 0x00007ffb99e4a000 	C:\Windows\System32\ole32.dll
0x00007ffb95620000 - 0x00007ffb9564f000 	C:\Windows\system32\DWMAPI.DLL
0x00007ffb6b510000 - 0x00007ffb6b595000 	C:\eclipse_2020_down\eclipse-jee-2020-12-R-win32-x86_64\eclipse\plugins\org.eclipse.justj.openjdk.hotspot.jre.full.win32.x86_64_15.0.1.v20201027-0507\jre\bin\freetype.dll
0x00007ffb64e30000 - 0x00007ffb64ed9000 	C:\eclipse_2020_down\eclipse-jee-2020-12-R-win32-x86_64\eclipse\plugins\org.eclipse.justj.openjdk.hotspot.jre.full.win32.x86_64_15.0.1.v20201027-0507\jre\bin\fontmanager.dll
0x00007ffb586b0000 - 0x00007ffb587d5000 	C:\Windows\system32\opengl32.dll
0x00007ffb929a0000 - 0x00007ffb929cc000 	C:\Windows\SYSTEM32\GLU32.dll
0x00007ffb89f20000 - 0x00007ffb8a0f0000 	C:\Windows\system32\d3d9.dll
0x00007ffb8e700000 - 0x00007ffb8e817000 	C:\Windows\System32\DriverStore\FileRepository\nv_dispig.inf_amd64_ee20464bb4ac57f4\nvldumdx.dll
0x00007ffb97450000 - 0x00007ffb97462000 	C:\Windows\SYSTEM32\msasn1.dll
0x00007ffb91cf0000 - 0x00007ffb91d21000 	C:\Windows\SYSTEM32\cryptnet.dll
0x00007ffb97bc0000 - 0x00007ffb97d16000 	C:\Windows\System32\CRYPT32.dll
0x00007ffb91870000 - 0x00007ffb919ba000 	C:\Windows\SYSTEM32\drvstore.dll
0x00007ffb97610000 - 0x00007ffb97644000 	C:\Windows\SYSTEM32\devobj.dll
0x00007ffb97ff0000 - 0x00007ffb9803e000 	C:\Windows\System32\cfgmgr32.dll
0x00007ffb971b0000 - 0x00007ffb971bc000 	C:\Windows\SYSTEM32\cryptbase.dll
0x00007ffb97f90000 - 0x00007ffb97ff0000 	C:\Windows\System32\WINTRUST.DLL
0x00007ffb9a4c0000 - 0x00007ffb9a4dd000 	C:\Windows\System32\imagehlp.dll
0x00007ffb971c0000 - 0x00007ffb971d8000 	C:\Windows\SYSTEM32\CRYPTSP.dll
0x00007ffb96950000 - 0x00007ffb96984000 	C:\Windows\system32\rsaenh.dll
0x00007ffb98040000 - 0x00007ffb98067000 	C:\Windows\System32\bcrypt.dll
0x00007ffb4ec20000 - 0x00007ffb5042a000 	C:\Windows\System32\DriverStore\FileRepository\nv_dispig.inf_amd64_ee20464bb4ac57f4\nvd3dumx.dll
0x00007ffb3c750000 - 0x00007ffb3c907000 	C:\Windows\system32\nvspcap64.dll
0x00007ffb9a040000 - 0x00007ffb9a4b2000 	C:\Windows\System32\SETUPAPI.dll
0x00007ffb92840000 - 0x00007ffb9294c000 	C:\Windows\SYSTEM32\WINHTTP.dll
0x00007ffb90a90000 - 0x00007ffb911d8000 	C:\Windows\system32\nvapi64.dll
0x00007ffb977d0000 - 0x00007ffb97801000 	C:\Windows\SYSTEM32\SspiCli.dll
0x00007ffb961b0000 - 0x00007ffb961d3000 	C:\Windows\SYSTEM32\gpapi.dll
0x00007ffb8eb60000 - 0x00007ffb8eb9b000 	C:\Windows\SYSTEM32\dxcore.dll
0x00007ffb93690000 - 0x00007ffb936a9000 	C:\eclipse_2020_down\eclipse-jee-2020-12-R-win32-x86_64\eclipse\plugins\org.eclipse.justj.openjdk.hotspot.jre.full.win32.x86_64_15.0.1.v20201027-0507\jre\bin\net.dll
0x00007ffb96fc0000 - 0x00007ffb9702a000 	C:\Windows\system32\mswsock.dll
0x00007ffb93670000 - 0x00007ffb93682000 	C:\eclipse_2020_down\eclipse-jee-2020-12-R-win32-x86_64\eclipse\plugins\org.eclipse.justj.openjdk.hotspot.jre.full.win32.x86_64_15.0.1.v20201027-0507\jre\bin\nio.dll
0x00007ffb8e600000 - 0x00007ffb8e6f9000 	C:\Windows\SYSTEM32\textinputframework.dll
0x00007ffb94c80000 - 0x00007ffb94fde000 	C:\Windows\System32\CoreUIComponents.dll
0x00007ffb94fe0000 - 0x00007ffb950d2000 	C:\Windows\System32\CoreMessaging.dll
0x00007ffb965e0000 - 0x00007ffb96613000 	C:\Windows\SYSTEM32\ntmarta.dll
0x00007ffb945b0000 - 0x00007ffb94704000 	C:\Windows\SYSTEM32\wintypes.dll
0x00007ffb9aa50000 - 0x00007ffb9aaf9000 	C:\Windows\System32\clbcatq.dll
0x00007ffb54600000 - 0x00007ffb546d1000 	C:\Windows\System32\IME\IMEKR\imkrtip.dll
0x00007ffb93170000 - 0x00007ffb93266000 	C:\Windows\SYSTEM32\PROPSYS.dll
0x00007ffb544b0000 - 0x00007ffb545f2000 	C:\Windows\System32\IME\shared\imetip.dll
0x00007ffb80ec0000 - 0x00007ffb80f26000 	C:\Windows\SYSTEM32\OLEACC.dll
0x00007ffb54300000 - 0x00007ffb544ae000 	C:\Windows\SYSTEM32\DUI70.dll
0x00007ffb89ed0000 - 0x00007ffb89f11000 	C:\Windows\System32\IME\IMEKR\imkrapi.dll
0x00007ffb92360000 - 0x00007ffb92400000 	C:\Windows\SYSTEM32\policymanager.dll
0x00007ffb969e0000 - 0x00007ffb96a6a000 	C:\Windows\SYSTEM32\msvcp110_win.dll
0x00007ffb8a330000 - 0x00007ffb8a36e000 	C:\Windows\System32\IME\shared\imjkapi.dll
0x00007ffb91db0000 - 0x00007ffb91f64000 	C:\Windows\SYSTEM32\WindowsCodecs.dll

dbghelp: loaded successfully - version: 4.0.5 - missing functions: none
symbol engine: initialized successfully - sym options: 0x614 - pdb path: .;C:\eclipse_2020_down\eclipse-jee-2020-12-R-win32-x86_64\eclipse\plugins\org.eclipse.justj.openjdk.hotspot.jre.full.win32.x86_64_15.0.1.v20201027-0507\jre\bin;C:\Windows\SYSTEM32;C:\Windows\WinSxS\amd64_microsoft.windows.common-controls_6595b64144ccf1df_6.0.19041.1110_none_60b5254171f9507e;C:\eclipse_2020_down\eclipse-jee-2020-12-R-win32-x86_64\eclipse\plugins\org.eclipse.justj.openjdk.hotspot.jre.full.win32.x86_64_15.0.1.v20201027-0507\jre\bin\server;C:\Windows\System32\DriverStore\FileRepository\nv_dispig.inf_amd64_ee20464bb4ac57f4;C:\Windows\System32\IME\IMEKR;C:\Windows\System32\IME\shared

VM Arguments:
jvm_args: -Dfile.encoding=UTF-8 -XX:+ShowCodeDetailsInExceptionMessages 
java_command: GawiBawiBoGame
java_class_path (initial): C:\full_stack_Work\myjava\bin
Launcher Type: SUN_STANDARD

[Global flags]
     intx CICompilerCount                          = 3                                         {product} {ergonomic}
     uint ConcGCThreads                            = 1                                         {product} {ergonomic}
     uint G1ConcRefinementThreads                  = 4                                         {product} {ergonomic}
   size_t G1HeapRegionSize                         = 1048576                                   {product} {ergonomic}
    uintx GCDrainStackTargetSize                   = 64                                        {product} {ergonomic}
   size_t InitialHeapSize                          = 134217728                                 {product} {ergonomic}
   size_t MarkStackSize                            = 4194304                                   {product} {ergonomic}
   size_t MaxHeapSize                              = 2143289344                                {product} {ergonomic}
   size_t MaxNewSize                               = 1285554176                                {product} {ergonomic}
   size_t MinHeapDeltaBytes                        = 1048576                                   {product} {ergonomic}
   size_t MinHeapSize                              = 8388608                                   {product} {ergonomic}
    uintx NonNMethodCodeHeapSize                   = 5832780                                {pd product} {ergonomic}
    uintx NonProfiledCodeHeapSize                  = 122912730                              {pd product} {ergonomic}
    uintx ProfiledCodeHeapSize                     = 122912730                              {pd product} {ergonomic}
    uintx ReservedCodeCacheSize                    = 251658240                              {pd product} {ergonomic}
     bool SegmentedCodeCache                       = true                                      {product} {ergonomic}
     bool ShowCodeDetailsInExceptionMessages       = true                                   {manageable} {command line}
   size_t SoftMaxHeapSize                          = 2143289344                             {manageable} {ergonomic}
     bool UseCompressedClassPointers               = true                                 {lp64_product} {ergonomic}
     bool UseCompressedOops                        = true                                 {lp64_product} {ergonomic}
     bool UseG1GC                                  = true                                      {product} {ergonomic}
     bool UseLargePagesIndividualAllocation        = false                                  {pd product} {ergonomic}

Logging:
Log output configuration:
 #0: stdout all=warning uptime,level,tags
 #1: stderr all=off uptime,level,tags

Environment Variables:
JAVA_HOME=C:\Program Files\Java\jdk1.8.0_351
PATH=C:/eclipse_2020_down/eclipse-jee-2020-12-R-win32-x86_64/eclipse//plugins/org.eclipse.justj.openjdk.hotspot.jre.full.win32.x86_64_15.0.1.v20201027-0507/jre/bin/server;C:/eclipse_2020_down/eclipse-jee-2020-12-R-win32-x86_64/eclipse//plugins/org.eclipse.justj.openjdk.hotspot.jre.full.win32.x86_64_15.0.1.v20201027-0507/jre/bin;C:\Program Files (x86)\Common Files\Oracle\Java\javapath;C:\app\manic-007\product\18.0.0\dbhomeXE\bin;C:\Program Files (x86)\Common Files\Intel\Shared Libraries\redist\intel64\compiler;C:\Windows\system32;C:\Windows;C:\Windows\System32\Wbem;C:\Windows\System32\WindowsPowerShell\v1.0\;C:\Program Files\Common Files\Autodesk Shared\;C:\Program Files (x86)\NVIDIA Corporation\PhysX\Common;C:\Windows\system32;C:\Windows;C:\Windows\System32\Wbem;C:\Windows\System32\WindowsPowerShell\v1.0\;C:\Windows\System32\OpenSSH\;C:\Program Files (x86)\Autodesk\Backburner\;C:\Program Files\Java\jdk1.8.0_351\bin;C:\Users\manic-002\AppData\Local\Microsoft\WindowsApps;C:\Program Files\Bandizip\;C:\Program Files (x86)\ESTsoft\ALSee\x64;C:\eclipse_2020_down\eclipse-jee-2020-12-R-win32-x86_64\eclipse;
USERNAME=slcp-001g
OS=Windows_NT
PROCESSOR_IDENTIFIER=Intel64 Family 6 Model 42 Stepping 7, GenuineIntel



---------------  S Y S T E M  ---------------

OS:
 Windows 10 , 64 bit Build 19041 (10.0.19041.1348)
OS uptime: 0 days 9:42 hours

CPU: total 4 (initial active 4) (4 cores per cpu, 1 threads per core) family 6 model 42 stepping 7 microcode 0x2f, cmov, cx8, fxsr, mmx, sse, sse2, sse3, ssse3, sse4.1, sse4.2, popcnt, vzeroupper, avx, aes, clmul, tsc, tscinvbit, clflush

Memory: 4k page, system-wide physical 8174M (2710M free)
TotalPageFile size 8174M (AvailPageFile size 0M)
current process WorkingSet (physical memory assigned to process): 89M, peak: 89M
current process commit charge ("private bytes"): 230M, peak: 231M

vm_info: OpenJDK 64-Bit Server VM (15.0.1+9-18) for windows-amd64 JRE (15.0.1+9-18), built on Sep 15 2020 14:39:31 by "mach5one" with unknown MS VC++:1925

END.
